<?xml version="1.0" encoding="UTF-8"?>
<!-- Generated by org.testng.reporters.JUnitReportReporter -->
<testsuite skipped="0" hostname="994560APD034394" name="MavenTestProject.TestMaven.SampleTest2" tests="1" failures="0" timestamp="09 Sep 2019 18:46:41 GMT" time="5.447" errors="0">
  <testcase name="test1" time="5.447" classname="MavenTestProject.TestMaven.SampleTest2"/>
</testsuite> <!-- MavenTestProject.TestMaven.SampleTest2 -->
